<?xml version="1.0" encoding="utf-8"?><testsuites><testsuite name="pytest" errors="1" failures="0" skipped="0" tests="1" time="0.199" timestamp="2024-10-15T15:48:00.022559+05:30" hostname="LALLI"><testcase classname="" name="Tests.test_add_object" time="0.000"><error message="collection failure">.venv\Lib\site-packages\_pytest\python.py:493: in importtestmodule
    mod = import_path(
.venv\Lib\site-packages\_pytest\pathlib.py:582: in import_path
    importlib.import_module(module_name)
..\..\AppData\Local\Programs\Python\Python312\Lib\importlib\__init__.py:90: in import_module
    return _bootstrap._gcd_import(name[level:], package, level)
&lt;frozen importlib._bootstrap&gt;:1387: in _gcd_import
    ???
&lt;frozen importlib._bootstrap&gt;:1360: in _find_and_load
    ???
&lt;frozen importlib._bootstrap&gt;:1331: in _find_and_load_unlocked
    ???
&lt;frozen importlib._bootstrap&gt;:935: in _load_unlocked
    ???
.venv\Lib\site-packages\_pytest\assertion\rewrite.py:175: in exec_module
    source_stat, co = _rewrite_test(fn, self.config)
.venv\Lib\site-packages\_pytest\assertion\rewrite.py:355: in _rewrite_test
    tree = ast.parse(source, filename=strfn)
..\..\AppData\Local\Programs\Python\Python312\Lib\ast.py:52: in parse
    return compile(source, filename, mode, flags,
E     File "C:\Users\Lalini\PycharmProjects\Practice\Tests\test_add_object.py", line 21
E       @pytest.mark.parametrize("id,name, color, capacity", [("1","Google Pixel 6 Pro","Cloudy White","128 GB"), ("3","Apple iPhone 12 Pro Max","Cloudy White", int("512")])
E                                                                                                                                                                          ^
E   SyntaxError: closing parenthesis ']' does not match opening parenthesis '('</error></testcase></testsuite></testsuites>